<?xml version="1.0" encoding="UTF-8"?>
<!-- Generated by org.testng.reporters.JUnitXMLReporter -->
<testsuite ignored="0" hostname="LAPTOP-J1828RIE" failures="0" tests="4" name="Test1" time="7.354" errors="0" timestamp="2025-09-12T07:51:54 IST">
  <testcase classname="testscript.LoginTest" name="verifyLoginWithValidCredentials" time="0.875"/>
  <testcase classname="testscript.LoginTest" name="verifyLoginWithaInvalidUsernameAndValidPassword" time="0.303"/>
  <testcase classname="testscript.LoginTest" name="verifyLoginWithValidUsernameAndInvalidPassword" time="0.309"/>
  <testcase classname="testscript.LoginTest" name="verifyLoginWithInvalidUsernameAndInvalidPassword" time="0.289"/>
</testsuite> <!-- Test1 -->
