<?xml version="1.0" encoding="UTF-8"?>
<!-- Generated by org.testng.reporters.JUnitXMLReporter -->
<testsuite ignored="2" hostname="LAPTOP-J1828RIE" failures="0" tests="1" name="Default test" time="3.275" errors="0" timestamp="2025-09-09T09:06:13 IST">
  <testcase classname="testscript.ManageNewsTest" name="verifyWheatherUserIsAbleToAddNewNews" time="1.853"/>
  <testcase classname="testscript.ManageNewsTest" name="verifyResetBottonFunctionality" time="0.0">
    <ignored/>
  </testcase> <!-- verifyResetBottonFunctionality -->
  <testcase classname="testscript.ManageNewsTest" name="verifySearchNewNewsButton" time="0.0">
    <ignored/>
  </testcase> <!-- verifySearchNewNewsButton -->
</testsuite> <!-- Default test -->
