<?xml version="1.0" encoding="UTF-8"?>
<!-- Generated by org.testng.reporters.JUnitXMLReporter -->
<testsuite ignored="1" hostname="LAPTOP-J1828RIE" failures="0" tests="1" name="Default test" time="3.058" errors="0" timestamp="2025-09-08T22:45:02 IST">
  <testcase classname="testscript.AdminUsersTest" name="verifywhetherUserIsableSearchOnNewUser" time="1.425"/>
  <testcase classname="testscript.AdminUsersTest" name="verifywhetherUserIsableToClickOnAddNewUser" time="0.0">
    <ignored/>
  </testcase> <!-- verifywhetherUserIsableToClickOnAddNewUser -->
</testsuite> <!-- Default test -->
