<?xml version="1.0" encoding="UTF-8"?>
<!-- Generated by org.testng.reporters.JUnitXMLReporter -->
<testsuite ignored="0" hostname="LAPTOP-J1828RIE" failures="1" tests="1" name="HomeTest.java" time="1.753" errors="0" timestamp="2025-09-16T12:28:50 IST">
  <testcase classname="testscript.HomeTest" name="verifywhetherUserIsableToLogOut" time="0.008">
    <failure type="java.io.FileNotFoundException" message="C:\Users\Abhijeeth\eclipse-workspace\GrocceryApplication\Abhijeeth\OneDrive\Documents\Projecttest.xlsx (The system cannot find the path specified)">
      <![CDATA[java.io.FileNotFoundException: C:\Users\Abhijeeth\eclipse-workspace\GrocceryApplication\Abhijeeth\OneDrive\Documents\Projecttest.xlsx (The system cannot find the path specified)
at java.base/java.io.FileInputStream.open0(Native Method)
at java.base/java.io.FileInputStream.open(FileInputStream.java:213)
at java.base/java.io.FileInputStream.<init>(FileInputStream.java:152)
at java.base/java.io.FileInputStream.<init>(FileInputStream.java:106)
at utilities.GrocceryExcelUtilities.getStringData(GrocceryExcelUtilities.java:19)
at testscript.HomeTest.verifywhetherUserIsableToLogOut(HomeTest.java:18)
at java.base/java.util.ArrayList.forEach(ArrayList.java:1596)
... Removed 25 stack frames]]>
    </failure>
  </testcase> <!-- verifywhetherUserIsableToLogOut -->
</testsuite> <!-- HomeTest.java -->
