<?xml version="1.0" encoding="UTF-8"?>
<!-- Generated by org.testng.reporters.JUnitXMLReporter -->
<testsuite ignored="0" hostname="LAPTOP-J1828RIE" failures="4" tests="6" name="LoginTest.java" time="10.678" errors="0" timestamp="2025-09-16T13:56:08 IST">
  <testcase classname="testscript.LoginTest" name="verifyLoginWithValidCredentials" time="0.019">
    <skipped/>
  </testcase> <!-- verifyLoginWithValidCredentials -->
  <testcase classname="testscript.LoginTest" name="verifyLoginWithValidCredentials" time="0.001">
    <skipped/>
  </testcase> <!-- verifyLoginWithValidCredentials -->
  <testcase classname="testscript.LoginTest" name="verifyLoginWithValidCredentials" time="0.001">
    <failure type="java.io.FileNotFoundException" message="C:\Users\Abhijeeth\eclipse-workspace\GrocceryApplication\Abhijeeth\OneDrive\Documents\Projecttest.xlsx (The system cannot find the path specified)">
      <![CDATA[java.io.FileNotFoundException: C:\Users\Abhijeeth\eclipse-workspace\GrocceryApplication\Abhijeeth\OneDrive\Documents\Projecttest.xlsx (The system cannot find the path specified)
at java.base/java.io.FileInputStream.open0(Native Method)
at java.base/java.io.FileInputStream.open(FileInputStream.java:213)
at java.base/java.io.FileInputStream.<init>(FileInputStream.java:152)
at java.base/java.io.FileInputStream.<init>(FileInputStream.java:106)
at utilities.GrocceryExcelUtilities.getStringData(GrocceryExcelUtilities.java:19)
at testscript.LoginTest.verifyLoginWithValidCredentials(LoginTest.java:17)
at java.base/java.util.ArrayList.forEach(ArrayList.java:1596)
... Removed 25 stack frames]]>
    </failure>
  </testcase> <!-- verifyLoginWithValidCredentials -->
  <testcase classname="testscript.LoginTest" name="verifyLoginWithaInvalidUsernameAndValidPassword" time="0.001">
    <failure type="java.io.FileNotFoundException" message="C:\Users\Abhijeeth\eclipse-workspace\GrocceryApplication\Abhijeeth\OneDrive\Documents\Projecttest.xlsx (The system cannot find the path specified)">
      <![CDATA[java.io.FileNotFoundException: C:\Users\Abhijeeth\eclipse-workspace\GrocceryApplication\Abhijeeth\OneDrive\Documents\Projecttest.xlsx (The system cannot find the path specified)
at java.base/java.io.FileInputStream.open0(Native Method)
at java.base/java.io.FileInputStream.open(FileInputStream.java:213)
at java.base/java.io.FileInputStream.<init>(FileInputStream.java:152)
at java.base/java.io.FileInputStream.<init>(FileInputStream.java:106)
at utilities.GrocceryExcelUtilities.getStringData(GrocceryExcelUtilities.java:19)
at testscript.LoginTest.verifyLoginWithaInvalidUsernameAndValidPassword(LoginTest.java:31)
at java.base/java.util.ArrayList.forEach(ArrayList.java:1596)
... Removed 25 stack frames]]>
    </failure>
  </testcase> <!-- verifyLoginWithaInvalidUsernameAndValidPassword -->
  <testcase classname="testscript.LoginTest" name="verifyLoginWithValidUsernameAndInvalidPassword" time="0.001">
    <failure type="java.io.FileNotFoundException" message="C:\Users\Abhijeeth\eclipse-workspace\GrocceryApplication\Abhijeeth\OneDrive\Documents\Projecttest.xlsx (The system cannot find the path specified)">
      <![CDATA[java.io.FileNotFoundException: C:\Users\Abhijeeth\eclipse-workspace\GrocceryApplication\Abhijeeth\OneDrive\Documents\Projecttest.xlsx (The system cannot find the path specified)
at java.base/java.io.FileInputStream.open0(Native Method)
at java.base/java.io.FileInputStream.open(FileInputStream.java:213)
at java.base/java.io.FileInputStream.<init>(FileInputStream.java:152)
at java.base/java.io.FileInputStream.<init>(FileInputStream.java:106)
at utilities.GrocceryExcelUtilities.getStringData(GrocceryExcelUtilities.java:19)
at testscript.LoginTest.verifyLoginWithValidUsernameAndInvalidPassword(LoginTest.java:48)
at java.base/java.util.ArrayList.forEach(ArrayList.java:1596)
... Removed 25 stack frames]]>
    </failure>
  </testcase> <!-- verifyLoginWithValidUsernameAndInvalidPassword -->
  <testcase classname="testscript.LoginTest" name="verifyLoginWithInvalidUsernameAndInvalidPassword" time="0.001">
    <failure type="java.io.FileNotFoundException" message="C:\Users\Abhijeeth\eclipse-workspace\GrocceryApplication\Abhijeeth\OneDrive\Documents\Projecttest.xlsx (The system cannot find the path specified)">
      <![CDATA[java.io.FileNotFoundException: C:\Users\Abhijeeth\eclipse-workspace\GrocceryApplication\Abhijeeth\OneDrive\Documents\Projecttest.xlsx (The system cannot find the path specified)
at java.base/java.io.FileInputStream.open0(Native Method)
at java.base/java.io.FileInputStream.open(FileInputStream.java:213)
at java.base/java.io.FileInputStream.<init>(FileInputStream.java:152)
at java.base/java.io.FileInputStream.<init>(FileInputStream.java:106)
at utilities.GrocceryExcelUtilities.getStringData(GrocceryExcelUtilities.java:19)
at testscript.LoginTest.verifyLoginWithInvalidUsernameAndInvalidPassword(LoginTest.java:65)
at java.base/java.util.ArrayList.forEach(ArrayList.java:1596)
... Removed 25 stack frames]]>
    </failure>
  </testcase> <!-- verifyLoginWithInvalidUsernameAndInvalidPassword -->
</testsuite> <!-- LoginTest.java -->
