<?xml version="1.0" encoding="UTF-8"?>
<!-- Generated by org.testng.reporters.JUnitXMLReporter -->
<testsuite ignored="0" hostname="LAPTOP-J1828RIE" failures="0" tests="3" name="ManageNewsTests" time="12.914" errors="0" timestamp="2025-09-13T09:17:43 IST">
  <testcase classname="testscript.ManageNewsTest" name="verifyResetBottonFunctionality" time="2.275"/>
  <testcase classname="testscript.ManageNewsTest" name="verifySearchNewNewsButton" time="1.792"/>
  <testcase classname="testscript.ManageNewsTest" name="verifyWheatherUserIsAbleToAddNewNews" time="2.527"/>
</testsuite> <!-- ManageNewsTests -->
