<?xml version="1.0" encoding="UTF-8"?>
<!-- Generated by org.testng.reporters.JUnitXMLReporter -->
<testsuite ignored="0" hostname="LAPTOP-J1828RIE" failures="0" tests="4" name="Test" time="6.651" errors="0" timestamp="2025-09-09T23:34:06 IST">
  <testcase classname="testscript.LoginTest" name="verifyLoginWithValidCredentials" time="0.775"/>
  <testcase classname="testscript.LoginTest" name="verifyLoginWithaInvalidUsernameAndValidPassword" time="0.302"/>
  <testcase classname="testscript.LoginTest" name="verifyLoginWithValidUsernameAndInvalidPassword" time="0.218"/>
  <testcase classname="testscript.LoginTest" name="verifyLoginWithInvalidUsernameAndInvalidPassword" time="0.213"/>
</testsuite> <!-- Test -->
