<?xml version="1.0" encoding="UTF-8"?>
<!-- Generated by org.testng.reporters.JUnitXMLReporter -->
<testsuite ignored="2" hostname="LAPTOP-J1828RIE" failures="0" tests="1" name="Test" time="2.85" errors="0" timestamp="2025-09-12T12:27:54 IST">
  <testcase classname="testscript.ManageNewsTest" name="verifyResetBottonFunctionality" time="1.214"/>
  <testcase classname="testscript.ManageNewsTest" name="verifySearchNewNewsButton" time="0.0">
    <ignored/>
  </testcase> <!-- verifySearchNewNewsButton -->
  <testcase classname="testscript.ManageNewsTest" name="verifyWheatherUserIsAbleToAddNewNews" time="0.0">
    <ignored/>
  </testcase> <!-- verifyWheatherUserIsAbleToAddNewNews -->
</testsuite> <!-- Test -->
