<?xml version="1.0" encoding="UTF-8"?>
<!-- Generated by org.testng.reporters.JUnitXMLReporter -->
<testsuite ignored="3" hostname="LAPTOP-J1828RIE" failures="0" tests="1" name="EdgeTest" time="122.047" errors="0" timestamp="2025-09-11T23:06:05 IST">
  <testcase classname="testscript.LoginTest" name="verifyLoginWithValidCredentials" time="0.715"/>
  <testcase classname="testscript.LoginTest" name="verifyLoginWithValidUsernameAndInvalidPassword" time="0.0">
    <ignored/>
  </testcase> <!-- verifyLoginWithValidUsernameAndInvalidPassword -->
  <testcase classname="testscript.LoginTest" name="verifyLoginWithaInvalidUsernameAndValidPassword" time="0.0">
    <ignored/>
  </testcase> <!-- verifyLoginWithaInvalidUsernameAndValidPassword -->
  <testcase classname="testscript.LoginTest" name="verifyLoginWithInvalidUsernameAndInvalidPassword" time="0.0">
    <ignored/>
  </testcase> <!-- verifyLoginWithInvalidUsernameAndInvalidPassword -->
</testsuite> <!-- EdgeTest -->
