<?xml version="1.0" encoding="UTF-8"?>
<!-- Generated by org.testng.reporters.JUnitXMLReporter -->
<testsuite ignored="0" hostname="LAPTOP-J1828RIE" failures="0" tests="4" name="Test(failed)" time="7.879" errors="0" timestamp="2025-09-16T22:27:03 IST">
  <testcase classname="automationcore.Base" name="@BeforeMethod intializeBrowser" time="3.601">
    <failure type="io.github.bonigarcia.wdm.config.WebDriverManagerException" message="io.github.bonigarcia.wdm.config.WebDriverManagerException: java.lang.IllegalArgumentException: URI is not absolute">
      <![CDATA[io.github.bonigarcia.wdm.config.WebDriverManagerException: io.github.bonigarcia.wdm.config.WebDriverManagerException: java.lang.IllegalArgumentException: URI is not absolute
at io.github.bonigarcia.wdm.WebDriverManager.handleException(WebDriverManager.java:1447)
at io.github.bonigarcia.wdm.WebDriverManager.manage(WebDriverManager.java:1210)
at io.github.bonigarcia.wdm.WebDriverManager.fallback(WebDriverManager.java:1463)
at io.github.bonigarcia.wdm.WebDriverManager.handleException(WebDriverManager.java:1441)
at io.github.bonigarcia.wdm.WebDriverManager.manage(WebDriverManager.java:1210)
at io.github.bonigarcia.wdm.WebDriverManager.setup(WebDriverManager.java:429)
at automationcore.Base.intializeBrowser(Base.java:44)
at java.base/java.util.ArrayList.forEach(ArrayList.java:1596)
Caused by: io.github.bonigarcia.wdm.config.WebDriverManagerException: java.lang.IllegalArgumentException: URI is not absolute
at io.github.bonigarcia.wdm.managers.EdgeDriverManager.getDriversFromXml(EdgeDriverManager.java:308)
at io.github.bonigarcia.wdm.managers.EdgeDriverManager.getDriverUrls(EdgeDriverManager.java:138)
at io.github.bonigarcia.wdm.WebDriverManager.createUrlHandler(WebDriverManager.java:1468)
at io.github.bonigarcia.wdm.WebDriverManager.download(WebDriverManager.java:1298)
at io.github.bonigarcia.wdm.WebDriverManager.manage(WebDriverManager.java:1204)
... 35 more
Caused by: java.lang.IllegalArgumentException: URI is not absolute
at java.base/java.net.URL.of(URL.java:862)
at java.base/java.net.URI.toURL(URI.java:1172)
at io.github.bonigarcia.wdm.managers.EdgeDriverManager.getDriversFromXml(EdgeDriverManager.java:300)
... 39 more
... Removed 29 stack frames]]>
    </failure>
  </testcase> <!-- @BeforeMethod intializeBrowser -->
  <testcase classname="automationcore.Base" name="@AfterMethod driverQuit" time="0.002">
    <failure type="java.lang.NullPointerException" message="Cannot invoke &amp;quot;org.openqa.selenium.WebDriver.quit()&amp;quot; because &amp;quot;this.driver&amp;quot; is null">
      <![CDATA[java.lang.NullPointerException: Cannot invoke "org.openqa.selenium.WebDriver.quit()" because "this.driver" is null
at automationcore.Base.driverQuit(Base.java:71)
at java.base/java.util.ArrayList.forEach(ArrayList.java:1596)
... Removed 30 stack frames]]>
    </failure>
  </testcase> <!-- @AfterMethod driverQuit -->
  <testcase classname="automationcore.Base" name="@BeforeMethod intializeBrowser" time="1.541">
    <failure type="io.github.bonigarcia.wdm.config.WebDriverManagerException" message="io.github.bonigarcia.wdm.config.WebDriverManagerException: java.lang.IllegalArgumentException: URI is not absolute">
      <![CDATA[io.github.bonigarcia.wdm.config.WebDriverManagerException: io.github.bonigarcia.wdm.config.WebDriverManagerException: java.lang.IllegalArgumentException: URI is not absolute
at io.github.bonigarcia.wdm.WebDriverManager.handleException(WebDriverManager.java:1447)
at io.github.bonigarcia.wdm.WebDriverManager.manage(WebDriverManager.java:1210)
at io.github.bonigarcia.wdm.WebDriverManager.fallback(WebDriverManager.java:1463)
at io.github.bonigarcia.wdm.WebDriverManager.handleException(WebDriverManager.java:1441)
at io.github.bonigarcia.wdm.WebDriverManager.manage(WebDriverManager.java:1210)
at io.github.bonigarcia.wdm.WebDriverManager.setup(WebDriverManager.java:429)
at automationcore.Base.intializeBrowser(Base.java:44)
at java.base/java.util.ArrayList.forEach(ArrayList.java:1596)
Caused by: io.github.bonigarcia.wdm.config.WebDriverManagerException: java.lang.IllegalArgumentException: URI is not absolute
at io.github.bonigarcia.wdm.managers.EdgeDriverManager.getDriversFromXml(EdgeDriverManager.java:308)
at io.github.bonigarcia.wdm.managers.EdgeDriverManager.getDriverUrls(EdgeDriverManager.java:138)
at io.github.bonigarcia.wdm.WebDriverManager.createUrlHandler(WebDriverManager.java:1468)
at io.github.bonigarcia.wdm.WebDriverManager.download(WebDriverManager.java:1298)
at io.github.bonigarcia.wdm.WebDriverManager.manage(WebDriverManager.java:1204)
... 35 more
Caused by: java.lang.IllegalArgumentException: URI is not absolute
at java.base/java.net.URL.of(URL.java:862)
at java.base/java.net.URI.toURL(URI.java:1172)
at io.github.bonigarcia.wdm.managers.EdgeDriverManager.getDriversFromXml(EdgeDriverManager.java:300)
... 39 more
... Removed 29 stack frames]]>
    </failure>
  </testcase> <!-- @BeforeMethod intializeBrowser -->
  <testcase classname="automationcore.Base" name="@AfterMethod driverQuit" time="0.001">
    <failure type="java.lang.NullPointerException" message="Cannot invoke &amp;quot;org.openqa.selenium.WebDriver.quit()&amp;quot; because &amp;quot;this.driver&amp;quot; is null">
      <![CDATA[java.lang.NullPointerException: Cannot invoke "org.openqa.selenium.WebDriver.quit()" because "this.driver" is null
at automationcore.Base.driverQuit(Base.java:71)
at java.base/java.util.ArrayList.forEach(ArrayList.java:1596)
... Removed 30 stack frames]]>
    </failure>
  </testcase> <!-- @AfterMethod driverQuit -->
  <testcase classname="automationcore.Base" name="@BeforeMethod intializeBrowser" time="1.337">
    <failure type="io.github.bonigarcia.wdm.config.WebDriverManagerException" message="io.github.bonigarcia.wdm.config.WebDriverManagerException: java.lang.IllegalArgumentException: URI is not absolute">
      <![CDATA[io.github.bonigarcia.wdm.config.WebDriverManagerException: io.github.bonigarcia.wdm.config.WebDriverManagerException: java.lang.IllegalArgumentException: URI is not absolute
at io.github.bonigarcia.wdm.WebDriverManager.handleException(WebDriverManager.java:1447)
at io.github.bonigarcia.wdm.WebDriverManager.manage(WebDriverManager.java:1210)
at io.github.bonigarcia.wdm.WebDriverManager.fallback(WebDriverManager.java:1463)
at io.github.bonigarcia.wdm.WebDriverManager.handleException(WebDriverManager.java:1441)
at io.github.bonigarcia.wdm.WebDriverManager.manage(WebDriverManager.java:1210)
at io.github.bonigarcia.wdm.WebDriverManager.setup(WebDriverManager.java:429)
at automationcore.Base.intializeBrowser(Base.java:44)
at java.base/java.util.ArrayList.forEach(ArrayList.java:1596)
Caused by: io.github.bonigarcia.wdm.config.WebDriverManagerException: java.lang.IllegalArgumentException: URI is not absolute
at io.github.bonigarcia.wdm.managers.EdgeDriverManager.getDriversFromXml(EdgeDriverManager.java:308)
at io.github.bonigarcia.wdm.managers.EdgeDriverManager.getDriverUrls(EdgeDriverManager.java:138)
at io.github.bonigarcia.wdm.WebDriverManager.createUrlHandler(WebDriverManager.java:1468)
at io.github.bonigarcia.wdm.WebDriverManager.download(WebDriverManager.java:1298)
at io.github.bonigarcia.wdm.WebDriverManager.manage(WebDriverManager.java:1204)
... 35 more
Caused by: java.lang.IllegalArgumentException: URI is not absolute
at java.base/java.net.URL.of(URL.java:862)
at java.base/java.net.URI.toURL(URI.java:1172)
at io.github.bonigarcia.wdm.managers.EdgeDriverManager.getDriversFromXml(EdgeDriverManager.java:300)
... 39 more
... Removed 29 stack frames]]>
    </failure>
  </testcase> <!-- @BeforeMethod intializeBrowser -->
  <testcase classname="automationcore.Base" name="@AfterMethod driverQuit" time="0.001">
    <failure type="java.lang.NullPointerException" message="Cannot invoke &amp;quot;org.openqa.selenium.WebDriver.quit()&amp;quot; because &amp;quot;this.driver&amp;quot; is null">
      <![CDATA[java.lang.NullPointerException: Cannot invoke "org.openqa.selenium.WebDriver.quit()" because "this.driver" is null
at automationcore.Base.driverQuit(Base.java:71)
at java.base/java.util.ArrayList.forEach(ArrayList.java:1596)
... Removed 30 stack frames]]>
    </failure>
  </testcase> <!-- @AfterMethod driverQuit -->
  <testcase classname="automationcore.Base" name="@BeforeMethod intializeBrowser" time="1.29">
    <failure type="io.github.bonigarcia.wdm.config.WebDriverManagerException" message="io.github.bonigarcia.wdm.config.WebDriverManagerException: java.lang.IllegalArgumentException: URI is not absolute">
      <![CDATA[io.github.bonigarcia.wdm.config.WebDriverManagerException: io.github.bonigarcia.wdm.config.WebDriverManagerException: java.lang.IllegalArgumentException: URI is not absolute
at io.github.bonigarcia.wdm.WebDriverManager.handleException(WebDriverManager.java:1447)
at io.github.bonigarcia.wdm.WebDriverManager.manage(WebDriverManager.java:1210)
at io.github.bonigarcia.wdm.WebDriverManager.fallback(WebDriverManager.java:1463)
at io.github.bonigarcia.wdm.WebDriverManager.handleException(WebDriverManager.java:1441)
at io.github.bonigarcia.wdm.WebDriverManager.manage(WebDriverManager.java:1210)
at io.github.bonigarcia.wdm.WebDriverManager.setup(WebDriverManager.java:429)
at automationcore.Base.intializeBrowser(Base.java:44)
at java.base/java.util.ArrayList.forEach(ArrayList.java:1596)
Caused by: io.github.bonigarcia.wdm.config.WebDriverManagerException: java.lang.IllegalArgumentException: URI is not absolute
at io.github.bonigarcia.wdm.managers.EdgeDriverManager.getDriversFromXml(EdgeDriverManager.java:308)
at io.github.bonigarcia.wdm.managers.EdgeDriverManager.getDriverUrls(EdgeDriverManager.java:138)
at io.github.bonigarcia.wdm.WebDriverManager.createUrlHandler(WebDriverManager.java:1468)
at io.github.bonigarcia.wdm.WebDriverManager.download(WebDriverManager.java:1298)
at io.github.bonigarcia.wdm.WebDriverManager.manage(WebDriverManager.java:1204)
... 35 more
Caused by: java.lang.IllegalArgumentException: URI is not absolute
at java.base/java.net.URL.of(URL.java:862)
at java.base/java.net.URI.toURL(URI.java:1172)
at io.github.bonigarcia.wdm.managers.EdgeDriverManager.getDriversFromXml(EdgeDriverManager.java:300)
... 39 more
... Removed 29 stack frames]]>
    </failure>
  </testcase> <!-- @BeforeMethod intializeBrowser -->
  <testcase classname="automationcore.Base" name="@AfterMethod driverQuit" time="0.0">
    <failure type="java.lang.NullPointerException" message="Cannot invoke &amp;quot;org.openqa.selenium.WebDriver.quit()&amp;quot; because &amp;quot;this.driver&amp;quot; is null">
      <![CDATA[java.lang.NullPointerException: Cannot invoke "org.openqa.selenium.WebDriver.quit()" because "this.driver" is null
at automationcore.Base.driverQuit(Base.java:71)
at java.base/java.util.ArrayList.forEach(ArrayList.java:1596)
... Removed 30 stack frames]]>
    </failure>
  </testcase> <!-- @AfterMethod driverQuit -->
  <testcase classname="testscript.LoginTest" name="verifyLoginWithValidCredentials" time="0.0">
    <skipped/>
  </testcase> <!-- verifyLoginWithValidCredentials -->
  <testcase classname="testscript.LoginTest" name="verifyLoginWithaInvalidUsernameAndValidPassword" time="0.0">
    <skipped/>
  </testcase> <!-- verifyLoginWithaInvalidUsernameAndValidPassword -->
  <testcase classname="testscript.LoginTest" name="verifyLoginWithValidUsernameAndInvalidPassword" time="0.0">
    <skipped/>
  </testcase> <!-- verifyLoginWithValidUsernameAndInvalidPassword -->
  <testcase classname="testscript.LoginTest" name="verifyLoginWithInvalidUsernameAndInvalidPassword" time="0.0">
    <skipped/>
  </testcase> <!-- verifyLoginWithInvalidUsernameAndInvalidPassword -->
</testsuite> <!-- Test(failed) -->
