<?xml version="1.0" encoding="UTF-8"?>
<testng-results ignored="0" total="1" passed="1" failed="0" skipped="0">
  <reporter-output>
  </reporter-output>
  <suite started-at="2025-09-09T09:06:10 IST" name="Default suite" finished-at="2025-09-09T09:06:13 IST" duration-ms="3275">
    <groups>
    </groups>
    <test started-at="2025-09-09T09:06:10 IST" name="Default test" finished-at="2025-09-09T09:06:13 IST" duration-ms="3275">
      <class name="testscript.ManageNewsTest">
        <test-method is-config="true" signature="intializeBrowser()[pri:0, instance:testscript.ManageNewsTest@7b98f307]" started-at="2025-09-09T09:06:10 IST" name="intializeBrowser" finished-at="2025-09-09T09:06:11 IST" duration-ms="1394" status="PASS">
          <reporter-output>
          </reporter-output>
        </test-method> <!-- intializeBrowser -->
        <test-method signature="verifyWheatherUserIsAbleToAddNewNews()[pri:0, instance:testscript.ManageNewsTest@7b98f307]" started-at="2025-09-09T09:06:11 IST" name="verifyWheatherUserIsAbleToAddNewNews" finished-at="2025-09-09T09:06:13 IST" duration-ms="1853" status="PASS">
          <reporter-output>
          </reporter-output>
        </test-method> <!-- verifyWheatherUserIsAbleToAddNewNews -->
        <test-method is-config="true" signature="driverQuit(org.testng.ITestResult)[pri:0, instance:testscript.ManageNewsTest@7b98f307]" started-at="2025-09-09T09:06:13 IST" name="driverQuit" finished-at="2025-09-09T09:06:13 IST" duration-ms="3" status="PASS">
          <params>
            <param index="0">
              <value>
                <![CDATA[[TestResult name=verifyWheatherUserIsAbleToAddNewNews status=SUCCESS method=ManageNewsTest.verifyWheatherUserIsAbleToAddNewNews()[pri:0, instance:testscript.ManageNewsTest@7b98f307] output={null}]]]>
              </value>
            </param>
          </params>
          <reporter-output>
          </reporter-output>
        </test-method> <!-- driverQuit -->
      </class> <!-- testscript.ManageNewsTest -->
    </test> <!-- Default test -->
  </suite> <!-- Default suite -->
</testng-results>
