<?xml version="1.0" encoding="UTF-8"?>
<testng-results ignored="0" total="10" passed="10" failed="0" skipped="0">
  <reporter-output>
  </reporter-output>
  <suite started-at="2025-09-21T12:04:22 IST" name="Suite" finished-at="2025-09-21T12:04:44 IST" duration-ms="22209">
    <groups>
      <group name="smoke">
        <method signature="LoginTest.verifyLoginWithValidCredentials()[pri:1, instance:testscript.LoginTest@7d322cad]" name="verifyLoginWithValidCredentials" class="testscript.LoginTest"/>
        <method signature="LoginTest.verifyLoginWithInvalidUsernameAndInvalidPassword()[pri:4, instance:testscript.LoginTest@7d322cad]" name="verifyLoginWithInvalidUsernameAndInvalidPassword" class="testscript.LoginTest"/>
      </group> <!-- smoke -->
    </groups>
    <test started-at="2025-09-21T12:04:22 IST" name="Test" finished-at="2025-09-21T12:04:44 IST" duration-ms="22209">
      <class name="testscript.ManageNewsTest">
        <test-method is-config="true" signature="intializeBrowser(java.lang.String)[pri:0, instance:testscript.ManageNewsTest@7ac296f6]" started-at="2025-09-21T12:04:37 IST" name="intializeBrowser" finished-at="2025-09-21T12:04:38 IST" duration-ms="1283" status="PASS">
          <params>
            <param index="0">
              <value>
                <![CDATA[chrome]]>
              </value>
            </param>
          </params>
          <reporter-output>
          </reporter-output>
        </test-method> <!-- intializeBrowser -->
        <test-method signature="verifyResetBottonFunctionality()[pri:0, instance:testscript.ManageNewsTest@7ac296f6]" started-at="2025-09-21T12:04:38 IST" name="verifyResetBottonFunctionality" finished-at="2025-09-21T12:04:39 IST" duration-ms="805" status="PASS">
          <reporter-output>
          </reporter-output>
        </test-method> <!-- verifyResetBottonFunctionality -->
        <test-method is-config="true" signature="driverQuit(org.testng.ITestResult)[pri:0, instance:testscript.ManageNewsTest@7ac296f6]" started-at="2025-09-21T12:04:39 IST" name="driverQuit" finished-at="2025-09-21T12:04:39 IST" duration-ms="169" status="PASS">
          <params>
            <param index="0">
              <value>
                <![CDATA[[TestResult name=verifyResetBottonFunctionality status=SUCCESS method=ManageNewsTest.verifyResetBottonFunctionality()[pri:0, instance:testscript.ManageNewsTest@7ac296f6] output={null}]]]>
              </value>
            </param>
          </params>
          <reporter-output>
          </reporter-output>
        </test-method> <!-- driverQuit -->
        <test-method is-config="true" signature="intializeBrowser(java.lang.String)[pri:0, instance:testscript.ManageNewsTest@7ac296f6]" started-at="2025-09-21T12:04:39 IST" name="intializeBrowser" finished-at="2025-09-21T12:04:40 IST" duration-ms="1141" status="PASS">
          <params>
            <param index="0">
              <value>
                <![CDATA[chrome]]>
              </value>
            </param>
          </params>
          <reporter-output>
          </reporter-output>
        </test-method> <!-- intializeBrowser -->
        <test-method signature="verifySearchNewNewsButton()[pri:0, instance:testscript.ManageNewsTest@7ac296f6]" started-at="2025-09-21T12:04:40 IST" name="verifySearchNewNewsButton" finished-at="2025-09-21T12:04:41 IST" duration-ms="778" status="PASS">
          <reporter-output>
          </reporter-output>
        </test-method> <!-- verifySearchNewNewsButton -->
        <test-method is-config="true" signature="driverQuit(org.testng.ITestResult)[pri:0, instance:testscript.ManageNewsTest@7ac296f6]" started-at="2025-09-21T12:04:41 IST" name="driverQuit" finished-at="2025-09-21T12:04:41 IST" duration-ms="155" status="PASS">
          <params>
            <param index="0">
              <value>
                <![CDATA[[TestResult name=verifySearchNewNewsButton status=SUCCESS method=ManageNewsTest.verifySearchNewNewsButton()[pri:0, instance:testscript.ManageNewsTest@7ac296f6] output={null}]]]>
              </value>
            </param>
          </params>
          <reporter-output>
          </reporter-output>
        </test-method> <!-- driverQuit -->
        <test-method is-config="true" signature="intializeBrowser(java.lang.String)[pri:0, instance:testscript.ManageNewsTest@7ac296f6]" started-at="2025-09-21T12:04:41 IST" name="intializeBrowser" finished-at="2025-09-21T12:04:42 IST" duration-ms="1167" status="PASS">
          <params>
            <param index="0">
              <value>
                <![CDATA[chrome]]>
              </value>
            </param>
          </params>
          <reporter-output>
          </reporter-output>
        </test-method> <!-- intializeBrowser -->
        <test-method signature="verifyWheatherUserIsAbleToAddNewNews()[pri:0, instance:testscript.ManageNewsTest@7ac296f6]" started-at="2025-09-21T12:04:42 IST" name="verifyWheatherUserIsAbleToAddNewNews" finished-at="2025-09-21T12:04:44 IST" duration-ms="1525" status="PASS">
          <reporter-output>
          </reporter-output>
        </test-method> <!-- verifyWheatherUserIsAbleToAddNewNews -->
        <test-method is-config="true" signature="driverQuit(org.testng.ITestResult)[pri:0, instance:testscript.ManageNewsTest@7ac296f6]" started-at="2025-09-21T12:04:44 IST" name="driverQuit" finished-at="2025-09-21T12:04:44 IST" duration-ms="225" status="PASS">
          <params>
            <param index="0">
              <value>
                <![CDATA[[TestResult name=verifyWheatherUserIsAbleToAddNewNews status=SUCCESS method=ManageNewsTest.verifyWheatherUserIsAbleToAddNewNews()[pri:0, instance:testscript.ManageNewsTest@7ac296f6] output={null}]]]>
              </value>
            </param>
          </params>
          <reporter-output>
          </reporter-output>
        </test-method> <!-- driverQuit -->
      </class> <!-- testscript.ManageNewsTest -->
      <class name="testscript.HomeTest">
        <test-method is-config="true" signature="intializeBrowser(java.lang.String)[pri:0, instance:testscript.HomeTest@a8ef162]" started-at="2025-09-21T12:04:30 IST" name="intializeBrowser" finished-at="2025-09-21T12:04:31 IST" duration-ms="1137" status="PASS">
          <params>
            <param index="0">
              <value>
                <![CDATA[chrome]]>
              </value>
            </param>
          </params>
          <reporter-output>
          </reporter-output>
        </test-method> <!-- intializeBrowser -->
        <test-method signature="verifywhetherUserIsableToLogOut()[pri:0, instance:testscript.HomeTest@a8ef162]" started-at="2025-09-21T12:04:31 IST" name="verifywhetherUserIsableToLogOut" finished-at="2025-09-21T12:04:32 IST" duration-ms="703" status="PASS">
          <reporter-output>
          </reporter-output>
        </test-method> <!-- verifywhetherUserIsableToLogOut -->
        <test-method is-config="true" signature="driverQuit(org.testng.ITestResult)[pri:0, instance:testscript.HomeTest@a8ef162]" started-at="2025-09-21T12:04:32 IST" name="driverQuit" finished-at="2025-09-21T12:04:32 IST" duration-ms="193" status="PASS">
          <params>
            <param index="0">
              <value>
                <![CDATA[[TestResult name=verifywhetherUserIsableToLogOut status=SUCCESS method=HomeTest.verifywhetherUserIsableToLogOut()[pri:0, instance:testscript.HomeTest@a8ef162] output={null}]]]>
              </value>
            </param>
          </params>
          <reporter-output>
          </reporter-output>
        </test-method> <!-- driverQuit -->
      </class> <!-- testscript.HomeTest -->
      <class name="testscript.AdminUsersTest">
        <test-method is-config="true" signature="intializeBrowser(java.lang.String)[pri:0, instance:testscript.AdminUsersTest@2eea88a1]" started-at="2025-09-21T12:04:32 IST" name="intializeBrowser" finished-at="2025-09-21T12:04:33 IST" duration-ms="1209" status="PASS">
          <params>
            <param index="0">
              <value>
                <![CDATA[chrome]]>
              </value>
            </param>
          </params>
          <reporter-output>
          </reporter-output>
        </test-method> <!-- intializeBrowser -->
        <test-method signature="verifywhetherUserIsableSearchOnNewUser()[pri:0, instance:testscript.AdminUsersTest@2eea88a1]" started-at="2025-09-21T12:04:33 IST" name="verifywhetherUserIsableSearchOnNewUser" finished-at="2025-09-21T12:04:34 IST" duration-ms="1021" status="PASS">
          <reporter-output>
          </reporter-output>
        </test-method> <!-- verifywhetherUserIsableSearchOnNewUser -->
        <test-method is-config="true" signature="driverQuit(org.testng.ITestResult)[pri:0, instance:testscript.AdminUsersTest@2eea88a1]" started-at="2025-09-21T12:04:34 IST" name="driverQuit" finished-at="2025-09-21T12:04:34 IST" duration-ms="175" status="PASS">
          <params>
            <param index="0">
              <value>
                <![CDATA[[TestResult name=verifywhetherUserIsableSearchOnNewUser status=SUCCESS method=AdminUsersTest.verifywhetherUserIsableSearchOnNewUser()[pri:0, instance:testscript.AdminUsersTest@2eea88a1] output={null}]]]>
              </value>
            </param>
          </params>
          <reporter-output>
          </reporter-output>
        </test-method> <!-- driverQuit -->
        <test-method is-config="true" signature="intializeBrowser(java.lang.String)[pri:0, instance:testscript.AdminUsersTest@2eea88a1]" started-at="2025-09-21T12:04:34 IST" name="intializeBrowser" finished-at="2025-09-21T12:04:36 IST" duration-ms="1273" status="PASS">
          <params>
            <param index="0">
              <value>
                <![CDATA[chrome]]>
              </value>
            </param>
          </params>
          <reporter-output>
          </reporter-output>
        </test-method> <!-- intializeBrowser -->
        <test-method signature="verifywhetherUserIsableToClickOnAddNewUser()[pri:0, instance:testscript.AdminUsersTest@2eea88a1]" started-at="2025-09-21T12:04:36 IST" name="verifywhetherUserIsableToClickOnAddNewUser" finished-at="2025-09-21T12:04:37 IST" duration-ms="1089" status="PASS">
          <reporter-output>
          </reporter-output>
        </test-method> <!-- verifywhetherUserIsableToClickOnAddNewUser -->
        <test-method is-config="true" signature="driverQuit(org.testng.ITestResult)[pri:0, instance:testscript.AdminUsersTest@2eea88a1]" started-at="2025-09-21T12:04:37 IST" name="driverQuit" finished-at="2025-09-21T12:04:37 IST" duration-ms="163" status="PASS">
          <params>
            <param index="0">
              <value>
                <![CDATA[[TestResult name=verifywhetherUserIsableToClickOnAddNewUser status=SUCCESS method=AdminUsersTest.verifywhetherUserIsableToClickOnAddNewUser()[pri:0, instance:testscript.AdminUsersTest@2eea88a1] output={null}]]]>
              </value>
            </param>
          </params>
          <reporter-output>
          </reporter-output>
        </test-method> <!-- driverQuit -->
      </class> <!-- testscript.AdminUsersTest -->
      <class name="testscript.LoginTest">
        <test-method is-config="true" signature="intializeBrowser(java.lang.String)[pri:0, instance:testscript.LoginTest@7d322cad]" started-at="2025-09-21T12:04:22 IST" name="intializeBrowser" finished-at="2025-09-21T12:04:23 IST" duration-ms="1473" status="PASS">
          <params>
            <param index="0">
              <value>
                <![CDATA[chrome]]>
              </value>
            </param>
          </params>
          <reporter-output>
          </reporter-output>
        </test-method> <!-- intializeBrowser -->
        <test-method signature="verifyLoginWithValidCredentials()[pri:1, instance:testscript.LoginTest@7d322cad]" started-at="2025-09-21T12:04:23 IST" name="verifyLoginWithValidCredentials" description="successful user login with valid credential" finished-at="2025-09-21T12:04:24 IST" duration-ms="779" status="PASS">
          <reporter-output>
          </reporter-output>
        </test-method> <!-- verifyLoginWithValidCredentials -->
        <test-method is-config="true" signature="driverQuit(org.testng.ITestResult)[pri:0, instance:testscript.LoginTest@7d322cad]" started-at="2025-09-21T12:04:24 IST" name="driverQuit" finished-at="2025-09-21T12:04:24 IST" duration-ms="292" status="PASS">
          <params>
            <param index="0">
              <value>
                <![CDATA[[TestResult name=verifyLoginWithValidCredentials status=SUCCESS method=LoginTest.verifyLoginWithValidCredentials()[pri:1, instance:testscript.LoginTest@7d322cad] output={null}]]]>
              </value>
            </param>
          </params>
          <reporter-output>
          </reporter-output>
        </test-method> <!-- driverQuit -->
        <test-method is-config="true" signature="intializeBrowser(java.lang.String)[pri:0, instance:testscript.LoginTest@7d322cad]" started-at="2025-09-21T12:04:24 IST" name="intializeBrowser" finished-at="2025-09-21T12:04:26 IST" duration-ms="1216" status="PASS">
          <params>
            <param index="0">
              <value>
                <![CDATA[chrome]]>
              </value>
            </param>
          </params>
          <reporter-output>
          </reporter-output>
        </test-method> <!-- intializeBrowser -->
        <test-method signature="verifyLoginWithaInvalidUsernameAndValidPassword()[pri:2, instance:testscript.LoginTest@7d322cad]" started-at="2025-09-21T12:04:26 IST" name="verifyLoginWithaInvalidUsernameAndValidPassword" description="successful user login with valid password" finished-at="2025-09-21T12:04:26 IST" duration-ms="372" status="PASS">
          <reporter-output>
          </reporter-output>
        </test-method> <!-- verifyLoginWithaInvalidUsernameAndValidPassword -->
        <test-method is-config="true" signature="driverQuit(org.testng.ITestResult)[pri:0, instance:testscript.LoginTest@7d322cad]" started-at="2025-09-21T12:04:26 IST" name="driverQuit" finished-at="2025-09-21T12:04:26 IST" duration-ms="111" status="PASS">
          <params>
            <param index="0">
              <value>
                <![CDATA[[TestResult name=verifyLoginWithaInvalidUsernameAndValidPassword status=SUCCESS method=LoginTest.verifyLoginWithaInvalidUsernameAndValidPassword()[pri:2, instance:testscript.LoginTest@7d322cad] output={null}]]]>
              </value>
            </param>
          </params>
          <reporter-output>
          </reporter-output>
        </test-method> <!-- driverQuit -->
        <test-method is-config="true" signature="intializeBrowser(java.lang.String)[pri:0, instance:testscript.LoginTest@7d322cad]" started-at="2025-09-21T12:04:26 IST" name="intializeBrowser" finished-at="2025-09-21T12:04:27 IST" duration-ms="1334" status="PASS">
          <params>
            <param index="0">
              <value>
                <![CDATA[chrome]]>
              </value>
            </param>
          </params>
          <reporter-output>
          </reporter-output>
        </test-method> <!-- intializeBrowser -->
        <test-method signature="verifyLoginWithValidUsernameAndInvalidPassword()[pri:3, instance:testscript.LoginTest@7d322cad]" started-at="2025-09-21T12:04:27 IST" name="verifyLoginWithValidUsernameAndInvalidPassword" description="successfull user login with valid username" finished-at="2025-09-21T12:04:28 IST" duration-ms="357" status="PASS">
          <reporter-output>
          </reporter-output>
        </test-method> <!-- verifyLoginWithValidUsernameAndInvalidPassword -->
        <test-method is-config="true" signature="driverQuit(org.testng.ITestResult)[pri:0, instance:testscript.LoginTest@7d322cad]" started-at="2025-09-21T12:04:28 IST" name="driverQuit" finished-at="2025-09-21T12:04:28 IST" duration-ms="210" status="PASS">
          <params>
            <param index="0">
              <value>
                <![CDATA[[TestResult name=verifyLoginWithValidUsernameAndInvalidPassword status=SUCCESS method=LoginTest.verifyLoginWithValidUsernameAndInvalidPassword()[pri:3, instance:testscript.LoginTest@7d322cad] output={null}]]]>
              </value>
            </param>
          </params>
          <reporter-output>
          </reporter-output>
        </test-method> <!-- driverQuit -->
        <test-method is-config="true" signature="intializeBrowser(java.lang.String)[pri:0, instance:testscript.LoginTest@7d322cad]" started-at="2025-09-21T12:04:28 IST" name="intializeBrowser" finished-at="2025-09-21T12:04:29 IST" duration-ms="1271" status="PASS">
          <params>
            <param index="0">
              <value>
                <![CDATA[chrome]]>
              </value>
            </param>
          </params>
          <reporter-output>
          </reporter-output>
        </test-method> <!-- intializeBrowser -->
        <test-method signature="verifyLoginWithInvalidUsernameAndInvalidPassword()[pri:4, instance:testscript.LoginTest@7d322cad]" started-at="2025-09-21T12:04:29 IST" name="verifyLoginWithInvalidUsernameAndInvalidPassword" description="successful user login with invalid credential" finished-at="2025-09-21T12:04:30 IST" duration-ms="335" status="PASS">
          <reporter-output>
          </reporter-output>
        </test-method> <!-- verifyLoginWithInvalidUsernameAndInvalidPassword -->
        <test-method is-config="true" signature="driverQuit(org.testng.ITestResult)[pri:0, instance:testscript.LoginTest@7d322cad]" started-at="2025-09-21T12:04:30 IST" name="driverQuit" finished-at="2025-09-21T12:04:30 IST" duration-ms="195" status="PASS">
          <params>
            <param index="0">
              <value>
                <![CDATA[[TestResult name=verifyLoginWithInvalidUsernameAndInvalidPassword status=SUCCESS method=LoginTest.verifyLoginWithInvalidUsernameAndInvalidPassword()[pri:4, instance:testscript.LoginTest@7d322cad] output={null}]]]>
              </value>
            </param>
          </params>
          <reporter-output>
          </reporter-output>
        </test-method> <!-- driverQuit -->
      </class> <!-- testscript.LoginTest -->
    </test> <!-- Test -->
  </suite> <!-- Suite -->
</testng-results>
