<?xml version="1.0" encoding="UTF-8"?>
<!-- Generated by org.testng.reporters.JUnitXMLReporter -->
<testsuite ignored="1" hostname="LAPTOP-J1828RIE" failures="3" tests="5" name="LoginTestMethods" time="10.499" errors="0" timestamp="2025-09-16T15:57:19 IST">
  <testcase classname="testscript.LoginTest" name="verifyLoginWithValidCredentials" time="0.015">
    <skipped/>
  </testcase> <!-- verifyLoginWithValidCredentials -->
  <testcase classname="testscript.LoginTest" name="verifyLoginWithValidCredentials" time="0.003">
    <skipped/>
  </testcase> <!-- verifyLoginWithValidCredentials -->
  <testcase classname="testscript.LoginTest" name="verifyLoginWithValidCredentials" time="0.002">
    <failure type="java.io.FileNotFoundException" message="C:\Users\Abhijeeth\eclipse-workspace\GrocceryApplication\Abhijeeth\OneDrive\Documents\Projecttest.xlsx (The system cannot find the path specified)">
      <![CDATA[java.io.FileNotFoundException: C:\Users\Abhijeeth\eclipse-workspace\GrocceryApplication\Abhijeeth\OneDrive\Documents\Projecttest.xlsx (The system cannot find the path specified)
at java.base/java.io.FileInputStream.open0(Native Method)
at java.base/java.io.FileInputStream.open(FileInputStream.java:213)
at java.base/java.io.FileInputStream.<init>(FileInputStream.java:152)
at java.base/java.io.FileInputStream.<init>(FileInputStream.java:106)
at utilities.GrocceryExcelUtilities.getStringData(GrocceryExcelUtilities.java:19)
at testscript.LoginTest.verifyLoginWithValidCredentials(LoginTest.java:18)
at java.base/java.util.ArrayList.forEach(ArrayList.java:1596)
... Removed 25 stack frames]]>
    </failure>
  </testcase> <!-- verifyLoginWithValidCredentials -->
  <testcase classname="testscript.LoginTest" name="verifyLoginWithaInvalidUsernameAndValidPassword" time="0.002">
    <failure type="java.io.FileNotFoundException" message="C:\Users\Abhijeeth\eclipse-workspace\GrocceryApplication\Abhijeeth\OneDrive\Documents\Projecttest.xlsx (The system cannot find the path specified)">
      <![CDATA[java.io.FileNotFoundException: C:\Users\Abhijeeth\eclipse-workspace\GrocceryApplication\Abhijeeth\OneDrive\Documents\Projecttest.xlsx (The system cannot find the path specified)
at java.base/java.io.FileInputStream.open0(Native Method)
at java.base/java.io.FileInputStream.open(FileInputStream.java:213)
at java.base/java.io.FileInputStream.<init>(FileInputStream.java:152)
at java.base/java.io.FileInputStream.<init>(FileInputStream.java:106)
at utilities.GrocceryExcelUtilities.getStringData(GrocceryExcelUtilities.java:19)
at testscript.LoginTest.verifyLoginWithaInvalidUsernameAndValidPassword(LoginTest.java:32)
at java.base/java.util.ArrayList.forEach(ArrayList.java:1596)
... Removed 25 stack frames]]>
    </failure>
  </testcase> <!-- verifyLoginWithaInvalidUsernameAndValidPassword -->
  <testcase classname="testscript.LoginTest" name="verifyLoginWithInvalidUsernameAndInvalidPassword" time="0.005">
    <failure type="java.io.FileNotFoundException" message="C:\Users\Abhijeeth\eclipse-workspace\GrocceryApplication\Abhijeeth\OneDrive\Documents\Projecttest.xlsx (The system cannot find the path specified)">
      <![CDATA[java.io.FileNotFoundException: C:\Users\Abhijeeth\eclipse-workspace\GrocceryApplication\Abhijeeth\OneDrive\Documents\Projecttest.xlsx (The system cannot find the path specified)
at java.base/java.io.FileInputStream.open0(Native Method)
at java.base/java.io.FileInputStream.open(FileInputStream.java:213)
at java.base/java.io.FileInputStream.<init>(FileInputStream.java:152)
at java.base/java.io.FileInputStream.<init>(FileInputStream.java:106)
at utilities.GrocceryExcelUtilities.getStringData(GrocceryExcelUtilities.java:19)
at testscript.LoginTest.verifyLoginWithInvalidUsernameAndInvalidPassword(LoginTest.java:66)
at java.base/java.util.ArrayList.forEach(ArrayList.java:1596)
... Removed 25 stack frames]]>
    </failure>
  </testcase> <!-- verifyLoginWithInvalidUsernameAndInvalidPassword -->
  <testcase classname="testscript.LoginTest" name="verifyLoginWithValidUsernameAndInvalidPassword" time="0.0">
    <ignored/>
  </testcase> <!-- verifyLoginWithValidUsernameAndInvalidPassword -->
</testsuite> <!-- LoginTestMethods -->
