<?xml version="1.0" encoding="UTF-8"?>
<!-- Generated by org.testng.reporters.JUnitXMLReporter -->
<testsuite ignored="2" hostname="LAPTOP-J1828RIE" failures="0" tests="2" name="Test" time="3.832" errors="0" timestamp="2025-09-12T07:47:24 IST">
  <testcase classname="testscript.LoginTest" name="verifyLoginWithValidCredentials" time="0.841"/>
  <testcase classname="testscript.LoginTest" name="verifyLoginWithInvalidUsernameAndInvalidPassword" time="0.214"/>
  <testcase classname="testscript.LoginTest" name="verifyLoginWithValidUsernameAndInvalidPassword" time="0.0">
    <ignored/>
  </testcase> <!-- verifyLoginWithValidUsernameAndInvalidPassword -->
  <testcase classname="testscript.LoginTest" name="verifyLoginWithaInvalidUsernameAndValidPassword" time="0.0">
    <ignored/>
  </testcase> <!-- verifyLoginWithaInvalidUsernameAndValidPassword -->
</testsuite> <!-- Test -->
